2026-03-18T03:57:00.661296Z  INFO tailwindcss_oxide::scanner: Provided sources:
2026-03-18T03:57:00.661487Z  INFO tailwindcss_oxide::scanner: Source: PublicSourceEntry { base: "G:\\GitHub\\ai-developer-setup", pattern: "**/*", negated: false }
2026-03-18T03:57:00.661732Z  INFO tailwindcss_oxide::scanner: Optimized sources:
2026-03-18T03:57:00.661748Z  INFO tailwindcss_oxide::scanner: Source: Auto { base: "G:\\GitHub\\ai-developer-setup" }
2026-03-18T03:57:00.663905Z  INFO discover_sources: tailwindcss_oxide::scanner: enter
2026-03-18T03:57:00.663948Z  INFO discover_sources:walk_synchronous: tailwindcss_oxide::scanner: enter
2026-03-18T03:57:00.666527Z  INFO discover_sources:walk_synchronous: tailwindcss_oxide::scanner: exit
2026-03-18T03:57:00.700418Z  INFO tailwindcss_oxide::scanner: Reading "G:\\GitHub\\ai-developer-setup\\app\\page.tsx"
2026-03-18T03:57:00.700428Z  INFO tailwindcss_oxide::scanner: Reading "G:\\GitHub\\ai-developer-setup\\next.config.ts"
2026-03-18T03:57:00.700418Z  INFO tailwindcss_oxide::scanner: Reading "G:\\GitHub\\ai-developer-setup\\app\\layout.tsx"
2026-03-18T03:57:00.700481Z  INFO tailwindcss_oxide::scanner: Reading "G:\\GitHub\\ai-developer-setup\\public\\file.svg"
2026-03-18T03:57:00.700486Z  INFO tailwindcss_oxide::scanner: Reading "G:\\GitHub\\ai-developer-setup\\package.json"
2026-03-18T03:57:00.700548Z  INFO tailwindcss_oxide::scanner: Reading "G:\\GitHub\\ai-developer-setup\\postcss.config.mjs"
2026-03-18T03:57:00.700575Z  INFO tailwindcss_oxide::scanner: Reading "G:\\GitHub\\ai-developer-setup\\public\\vercel.svg"
2026-03-18T03:57:00.700645Z  INFO tailwindcss_oxide::scanner: Reading "G:\\GitHub\\ai-developer-setup\\eslint.config.mjs"
2026-03-18T03:57:00.700673Z  INFO tailwindcss_oxide::scanner: Reading "G:\\GitHub\\ai-developer-setup\\tsconfig.json"
2026-03-18T03:57:00.700756Z  INFO tailwindcss_oxide::scanner: Reading "G:\\GitHub\\ai-developer-setup\\public\\window.svg"
2026-03-18T03:57:00.731947Z  INFO tailwindcss_oxide::scanner: Reading "G:\\GitHub\\ai-developer-setup\\public\\next.svg"
2026-03-18T03:57:00.743581Z  INFO tailwindcss_oxide::scanner: Reading "G:\\GitHub\\ai-developer-setup\\public\\globe.svg"
2026-03-18T03:57:00.756403Z  INFO tailwindcss_oxide::scanner: Reading "G:\\GitHub\\ai-developer-setup\\README.md"
2026-03-18T03:57:00.756563Z  INFO discover_sources: tailwindcss_oxide::scanner: exit
2026-03-18T03:57:00.756617Z  INFO extract_candidates: tailwindcss_oxide::scanner: enter
2026-03-18T03:57:00.756623Z  INFO extract_candidates:parse_all_blobs: tailwindcss_oxide::scanner: enter
2026-03-18T03:57:00.756632Z  INFO extract_candidates:parse_all_blobs:extract: tailwindcss_oxide::scanner: enter
2026-03-18T03:57:00.757110Z  INFO extract_candidates:parse_all_blobs:extract: tailwindcss_oxide::scanner: exit
2026-03-18T03:57:00.757128Z  INFO extract_candidates:parse_all_blobs: tailwindcss_oxide::scanner: exit
2026-03-18T03:57:00.757136Z  INFO extract_candidates:read_all_files: tailwindcss_oxide::scanner: enter
2026-03-18T03:57:00.757140Z  INFO extract_candidates:read_all_files: tailwindcss_oxide::scanner: Reading 1 file(s)
2026-03-18T03:57:00.757263Z  INFO extract_candidates:read_all_files: tailwindcss_oxide::scanner: Reading "G:\\GitHub\\ai-developer-setup\\app\\globals.css"
2026-03-18T03:57:00.757273Z  INFO extract_candidates:read_all_files: tailwindcss_oxide::scanner: exit
2026-03-18T03:57:00.757283Z  INFO extract_candidates:extract_css_variables: tailwindcss_oxide::scanner: enter
2026-03-18T03:57:00.757287Z  INFO extract_candidates:extract_css_variables:extract: tailwindcss_oxide::scanner: enter
2026-03-18T03:57:00.757372Z  INFO extract_candidates:extract_css_variables:extract: tailwindcss_oxide::scanner: exit
2026-03-18T03:57:00.757385Z  INFO extract_candidates:extract_css_variables: tailwindcss_oxide::scanner: exit
2026-03-18T03:57:00.757435Z  INFO extract_candidates: tailwindcss_oxide::scanner: exit
2026-03-18T03:57:00.757636Z  INFO get_files: tailwindcss_oxide::scanner: enter
2026-03-18T03:57:00.757645Z  INFO get_files:discover_sources: tailwindcss_oxide::scanner: enter
2026-03-18T03:57:00.757649Z  INFO get_files:discover_sources: tailwindcss_oxide::scanner: exit
2026-03-18T03:57:00.757774Z  INFO get_files: tailwindcss_oxide::scanner: exit
2026-03-18T03:57:00.757866Z  INFO get_globs: tailwindcss_oxide::scanner: enter
2026-03-18T03:57:00.757873Z  INFO get_globs:discover_sources: tailwindcss_oxide::scanner: enter
2026-03-18T03:57:00.757877Z  INFO get_globs:discover_sources: tailwindcss_oxide::scanner: exit
2026-03-18T03:57:00.760019Z  INFO get_globs: tailwindcss_oxide::scanner: exit
2026-03-18T03:57:39.880841Z  INFO discover_sources: tailwindcss_oxide::scanner: enter
2026-03-18T03:57:39.880868Z  INFO discover_sources:walk_parallel: tailwindcss_oxide::scanner: enter
2026-03-18T03:57:40.102342Z  INFO discover_sources:walk_parallel: tailwindcss_oxide::scanner: exit
2026-03-18T03:57:40.103299Z  INFO tailwindcss_oxide::scanner: Reading "G:\\GitHub\\ai-developer-setup\\public\\vercel.svg"
2026-03-18T03:57:40.103317Z  INFO tailwindcss_oxide::scanner: Reading "G:\\GitHub\\ai-developer-setup\\tsconfig.json"
2026-03-18T03:57:40.103332Z  INFO tailwindcss_oxide::scanner: Reading "G:\\GitHub\\ai-developer-setup\\postcss.config.mjs"
2026-03-18T03:57:40.103306Z  INFO tailwindcss_oxide::scanner: Reading "G:\\GitHub\\ai-developer-setup\\app\\page.tsx"
2026-03-18T03:57:40.103302Z  INFO tailwindcss_oxide::scanner: Reading "G:\\GitHub\\ai-developer-setup\\next.config.ts"
2026-03-18T03:57:40.103305Z  INFO tailwindcss_oxide::scanner: Reading "G:\\GitHub\\ai-developer-setup\\public\\window.svg"
2026-03-18T03:57:40.103311Z  INFO tailwindcss_oxide::scanner: Reading "G:\\GitHub\\ai-developer-setup\\public\\globe.svg"
2026-03-18T03:57:40.103311Z  INFO tailwindcss_oxide::scanner: Reading "G:\\GitHub\\ai-developer-setup\\eslint.config.mjs"
2026-03-18T03:57:40.103359Z  INFO tailwindcss_oxide::scanner: Reading "G:\\GitHub\\ai-developer-setup\\package.json"
2026-03-18T03:57:40.103299Z  INFO tailwindcss_oxide::scanner: Reading "G:\\GitHub\\ai-developer-setup\\public\\next.svg"
2026-03-18T03:57:40.103411Z  INFO tailwindcss_oxide::scanner: Reading "G:\\GitHub\\ai-developer-setup\\README.md"
2026-03-18T03:57:40.103321Z  INFO tailwindcss_oxide::scanner: Reading "G:\\GitHub\\ai-developer-setup\\app\\layout.tsx"
2026-03-18T03:57:40.103299Z  INFO tailwindcss_oxide::scanner: Reading "G:\\GitHub\\ai-developer-setup\\public\\file.svg"
2026-03-18T03:57:40.103503Z  INFO discover_sources: tailwindcss_oxide::scanner: exit
2026-03-18T03:57:40.103516Z  INFO extract_candidates: tailwindcss_oxide::scanner: enter
2026-03-18T03:57:40.103524Z  INFO extract_candidates:parse_all_blobs: tailwindcss_oxide::scanner: enter
2026-03-18T03:57:40.103532Z  INFO extract_candidates:parse_all_blobs:extract: tailwindcss_oxide::scanner: enter
2026-03-18T03:57:40.104087Z  INFO extract_candidates:parse_all_blobs:extract: tailwindcss_oxide::scanner: exit
2026-03-18T03:57:40.104101Z  INFO extract_candidates:parse_all_blobs: tailwindcss_oxide::scanner: exit
2026-03-18T03:57:40.104109Z  INFO extract_candidates:read_all_files: tailwindcss_oxide::scanner: enter
2026-03-18T03:57:40.104114Z  INFO extract_candidates:read_all_files: tailwindcss_oxide::scanner: Reading 1 file(s)
2026-03-18T03:57:40.104211Z  INFO extract_candidates:read_all_files: tailwindcss_oxide::scanner: Reading "G:\\GitHub\\ai-developer-setup\\app\\globals.css"
2026-03-18T03:57:40.104223Z  INFO extract_candidates:read_all_files: tailwindcss_oxide::scanner: exit
2026-03-18T03:57:40.104231Z  INFO extract_candidates:extract_css_variables: tailwindcss_oxide::scanner: enter
2026-03-18T03:57:40.104237Z  INFO extract_candidates:extract_css_variables:extract: tailwindcss_oxide::scanner: enter
2026-03-18T03:57:40.104342Z  INFO extract_candidates:extract_css_variables:extract: tailwindcss_oxide::scanner: exit
2026-03-18T03:57:40.104356Z  INFO extract_candidates:extract_css_variables: tailwindcss_oxide::scanner: exit
2026-03-18T03:57:40.104533Z  INFO extract_candidates: tailwindcss_oxide::scanner: exit
2026-03-18T03:57:40.105090Z  INFO get_files: tailwindcss_oxide::scanner: enter
2026-03-18T03:57:40.105100Z  INFO get_files:discover_sources: tailwindcss_oxide::scanner: enter
2026-03-18T03:57:40.105205Z  INFO get_files:discover_sources: tailwindcss_oxide::scanner: exit
2026-03-18T03:57:40.105302Z  INFO get_files: tailwindcss_oxide::scanner: exit
2026-03-18T03:57:40.105441Z  INFO get_globs: tailwindcss_oxide::scanner: enter
2026-03-18T03:57:40.105453Z  INFO get_globs: tailwindcss_oxide::scanner: exit
